SF:lib/src/console_log/console_log_controller.dart
DA:23,2
DA:30,1
DA:31,1
DA:32,1
DA:41,2
DA:51,1
DA:53,1
DA:54,1
LF:8
LH:8
end_of_record
SF:lib/src/console_log/console_log_screen.dart
DA:12,2
DA:24,1
DA:25,1
DA:38,1
DA:40,1
DA:41,1
DA:47,1
DA:48,1
DA:50,2
DA:52,1
DA:54,1
DA:55,3
DA:59,0
DA:61,0
DA:62,0
DA:63,0
DA:67,1
DA:68,1
DA:69,1
DA:70,2
DA:71,2
DA:72,1
DA:73,2
DA:77,3
DA:79,0
DA:83,1
DA:84,1
DA:87,1
DA:88,3
DA:89,1
DA:91,1
DA:92,2
DA:94,1
DA:95,1
DA:98,1
DA:99,3
DA:100,2
DA:103,2
DA:104,1
DA:108,1
DA:110,1
DA:111,2
DA:112,1
DA:114,1
DA:115,5
DA:116,5
DA:118,1
DA:119,2
DA:120,1
DA:121,2
DA:123,1
DA:124,1
DA:126,1
DA:127,2
DA:132,2
LF:55
LH:50
end_of_record
SF:lib/src/console_log/console_log_widget.dart
DA:10,3
DA:44,1
DA:52,1
DA:53,1
DA:67,1
DA:101,0
DA:102,0
DA:104,1
DA:105,1
DA:107,1
DA:108,1
DA:110,1
DA:111,2
DA:113,1
DA:114,2
DA:116,1
DA:118,4
DA:120,1
DA:122,5
DA:124,0
DA:125,0
DA:127,1
DA:129,1
DA:130,2
DA:131,1
DA:132,3
DA:133,4
DA:136,1
DA:137,2
DA:141,1
DA:144,0
DA:147,0
DA:150,0
DA:152,0
DA:161,1
DA:163,2
DA:166,3
DA:169,2
DA:172,2
DA:173,3
DA:177,1
DA:180,1
DA:182,2
DA:183,1
DA:186,1
DA:188,1
DA:189,2
DA:192,1
DA:194,1
DA:196,2
DA:197,2
DA:198,3
DA:200,1
DA:203,1
DA:204,3
DA:205,5
DA:208,3
DA:209,0
DA:210,0
DA:214,1
DA:215,3
DA:216,1
DA:219,2
DA:220,1
DA:224,1
DA:226,1
DA:240,1
DA:243,3
DA:246,2
DA:249,2
DA:252,2
DA:255,2
DA:256,2
DA:260,1
DA:262,1
DA:263,1
DA:264,1
DA:266,2
DA:267,0
DA:270,1
DA:273,1
DA:274,2
DA:275,1
DA:277,1
DA:278,1
DA:279,2
DA:280,1
DA:284,1
DA:285,2
DA:286,1
DA:288,1
DA:289,2
DA:290,4
DA:292,2
DA:293,1
DA:294,4
DA:299,1
DA:301,2
DA:302,1
DA:303,2
DA:304,3
DA:305,2
DA:310,1
DA:312,1
DA:314,1
DA:316,1
DA:318,1
DA:320,1
DA:321,2
DA:322,3
DA:323,2
DA:328,1
DA:330,1
DA:331,2
DA:332,3
DA:333,2
DA:338,2
DA:339,1
DA:341,2
DA:343,2
DA:344,1
DA:346,2
DA:348,1
DA:350,2
DA:355,1
DA:356,1
DA:357,3
DA:358,1
DA:359,1
DA:361,1
DA:362,3
DA:364,1
DA:366,1
DA:369,1
DA:370,1
DA:371,2
DA:372,1
DA:373,1
DA:375,0
DA:376,0
DA:380,3
DA:381,2
DA:384,2
DA:392,1
DA:393,2
DA:394,1
DA:395,1
DA:396,1
DA:397,1
DA:399,1
DA:400,0
DA:408,1
DA:409,1
DA:436,0
DA:437,0
DA:438,0
DA:451,1
DA:452,3
DA:453,1
DA:456,2
DA:457,1
DA:462,2
DA:465,2
DA:466,3
DA:468,0
DA:472,1
DA:473,3
DA:474,2
DA:475,1
DA:476,1
DA:477,2
DA:478,1
DA:479,2
DA:480,1
DA:499,1
DA:513,1
DA:515,1
DA:517,1
DA:518,1
DA:519,1
DA:520,1
DA:521,1
DA:522,1
DA:527,1
DA:528,1
DA:529,1
DA:531,1
DA:562,1
DA:578,1
DA:579,2
DA:582,1
DA:584,1
DA:586,3
DA:587,1
DA:590,1
DA:591,1
DA:593,1
DA:595,1
DA:597,1
DA:600,1
DA:601,1
DA:602,1
DA:606,1
DA:609,1
DA:610,1
DA:611,1
DA:612,2
DA:613,3
DA:615,1
DA:616,1
DA:620,1
DA:621,4
DA:622,1
DA:625,1
DA:626,1
DA:627,1
DA:629,0
DA:635,4
DA:647,1
DA:648,1
DA:649,0
DA:652,1
DA:653,1
DA:654,2
DA:655,2
DA:656,1
DA:657,3
DA:658,1
DA:659,2
DA:660,1
DA:661,3
DA:662,1
DA:663,2
DA:676,1
DA:678,1
DA:680,1
DA:681,2
DA:682,1
DA:683,2
DA:684,1
DA:685,3
DA:686,0
DA:687,0
DA:698,1
DA:699,1
DA:701,1
DA:702,1
DA:703,1
LF:248
LH:226
end_of_record
SF:lib/src/function/animated_limiter_item.dart
DA:17,2
DA:39,1
DA:41,1
DA:42,1
DA:44,1
DA:45,1
DA:47,1
DA:49,1
DA:50,1
DA:55,1
DA:56,1
DA:58,1
DA:59,1
DA:60,1
DA:61,1
LF:15
LH:15
end_of_record
SF:lib/src/function/floating_widget.dart
DA:21,1
DA:65,1
DA:66,1
DA:83,1
DA:85,1
DA:87,3
DA:95,1
DA:96,2
DA:99,4
DA:100,2
DA:103,1
DA:104,1
DA:105,2
DA:111,1
DA:113,7
DA:114,8
DA:115,8
DA:117,3
DA:118,4
DA:119,4
DA:122,1
DA:124,1
DA:125,2
DA:126,2
DA:127,1
DA:128,4
DA:129,4
DA:130,1
DA:131,1
DA:138,1
DA:139,1
DA:142,4
DA:143,4
DA:145,5
DA:147,2
DA:149,1
DA:156,1
DA:157,1
DA:158,1
DA:159,2
LF:40
LH:40
end_of_record
SF:lib/src/function/life_circle.dart
DA:21,1
DA:49,1
DA:50,1
DA:55,1
DA:57,1
DA:58,2
DA:61,1
DA:63,2
DA:64,1
DA:67,1
DA:70,1
DA:71,3
DA:72,1
DA:73,3
DA:74,1
DA:75,3
DA:76,1
DA:77,3
DA:78,1
DA:79,3
DA:83,1
DA:85,2
LF:22
LH:22
end_of_record
SF:lib/src/function/list.dart
DA:88,1
DA:104,1
DA:108,1
DA:110,1
DA:111,2
DA:112,1
DA:113,1
DA:116,1
DA:117,1
DA:118,1
DA:119,1
DA:120,2
DA:121,1
DA:125,4
DA:126,2
DA:128,1
DA:129,1
DA:130,3
DA:131,1
DA:133,3
DA:134,1
DA:136,2
DA:137,1
DA:138,4
DA:140,1
DA:142,2
DA:143,1
DA:144,5
DA:146,1
DA:149,1
DA:150,1
DA:151,1
DA:153,2
DA:154,1
DA:156,2
DA:161,2
DA:163,1
DA:164,1
DA:165,1
DA:167,2
DA:169,2
LF:41
LH:41
end_of_record
SF:lib/src/testing/log_bug.dart
DA:11,2
DA:35,1
DA:40,1
DA:41,1
DA:43,1
DA:58,1
DA:63,2
DA:64,1
DA:66,1
DA:81,1
DA:86,2
DA:87,1
DA:89,0
DA:104,1
DA:109,1
DA:110,1
DA:112,0
DA:116,1
DA:128,0
DA:167,1
DA:173,3
DA:176,1
DA:178,1
DA:185,1
DA:189,1
DA:190,1
DA:191,2
DA:192,1
DA:202,1
DA:204,1
DA:209,2
DA:210,1
DA:220,1
DA:226,1
DA:227,0
DA:228,2
DA:229,1
DA:231,1
DA:234,1
DA:241,1
DA:242,0
DA:243,2
DA:244,1
DA:246,1
DA:249,1
DA:256,1
DA:257,0
DA:258,2
DA:259,1
DA:261,1
DA:264,1
DA:271,1
DA:272,0
DA:273,2
DA:274,1
DA:276,1
DA:279,1
DA:286,1
DA:291,0
DA:292,2
DA:293,1
DA:295,0
DA:298,1
DA:305,1
DA:310,0
DA:311,2
DA:312,1
DA:314,0
DA:317,1
DA:325,1
DA:327,1
DA:329,2
DA:335,1
DA:336,2
DA:339,1
DA:340,2
DA:343,1
DA:345,3
DA:365,1
DA:367,1
DA:369,2
DA:375,1
DA:376,2
DA:379,1
DA:380,2
DA:383,1
DA:385,3
DA:389,1
DA:394,2
DA:395,1
DA:396,2
DA:397,1
DA:398,3
DA:399,1
DA:400,2
DA:439,1
DA:445,1
DA:447,3
DA:448,1
DA:449,1
DA:453,1
DA:456,3
DA:457,3
DA:458,9
DA:459,1
DA:462,0
DA:466,1
DA:468,2
DA:469,2
DA:490,1
DA:491,2
DA:493,1
DA:495,1
LF:113
LH:101
end_of_record
